#
# There is insufficient memory for the Java Runtime Environment to continue.
# Native memory allocation (mmap) failed to map 132120576 bytes for G1 virtual space
# Possible reasons:
#   The system is out of physical RAM or swap space
#   The process is running with CompressedOops enabled, and the Java Heap may be blocking the growth of the native heap
# Possible solutions:
#   Reduce memory load on the system
#   Increase physical memory or swap space
#   Check if swap backing store is full
#   Decrease Java heap size (-Xmx/-Xms)
#   Decrease number of Java threads
#   Decrease Java thread stack sizes (-Xss)
#   Set larger code cache with -XX:ReservedCodeCacheSize=
#   JVM is running with Unscaled Compressed Oops mode in which the Java heap is
#     placed in the first 4GB address space. The Java Heap base address is the
#     maximum limit for the native heap growth. Please use -XX:HeapBaseMinAddress
#     to set the Java Heap base and to place the Java Heap above 4GB virtual address.
# This output file may be truncated or incomplete.
#
#  Out of Memory Error (os_windows.cpp:3469), pid=33440, tid=29892
#
# JRE version:  (17.0.1+12) (build )
# Java VM: OpenJDK 64-Bit Server VM (17.0.1+12, mixed mode, sharing, tiered, compressed oops, compressed class ptrs, g1 gc, windows-amd64)
# No core dump will be written. Minidumps are not enabled by default on client versions of Windows
#

---------------  S U M M A R Y ------------

Command Line: -Dfile.encoding=windows-1252 -XX:+ShowCodeDetailsInExceptionMessages employeeManagementSystem.AddEmployee

Host: Intel(R) Core(TM) i5-10300H CPU @ 2.50GHz, 8 cores, 7G,  Windows 10 , 64 bit Build 22000 (10.0.22000.1516)
Time: Mon Aug  7 21:32:04 2023 Eastern Daylight Time elapsed time: 0.009584 seconds (0d 0h 0m 0s)

---------------  T H R E A D  ---------------

Current thread (0x000001f9724008a0):  JavaThread "Unknown thread" [_thread_in_vm, id=29892, stack(0x000000cdc8c00000,0x000000cdc8d00000)]

Stack: [0x000000cdc8c00000,0x000000cdc8d00000]
Native frames: (J=compiled Java code, j=interpreted, Vv=VM code, C=native code)
V  [jvm.dll+0x6744da]
V  [jvm.dll+0x82e144]
V  [jvm.dll+0x82f8ee]
V  [jvm.dll+0x82ff53]
V  [jvm.dll+0x245175]
V  [jvm.dll+0x6714c9]
V  [jvm.dll+0x665f92]
V  [jvm.dll+0x303c3b]
V  [jvm.dll+0x30b176]
V  [jvm.dll+0x35af1e]
V  [jvm.dll+0x35b14f]
V  [jvm.dll+0x2dab78]
V  [jvm.dll+0x2dbae4]
V  [jvm.dll+0x7ffdf1]
V  [jvm.dll+0x368c91]
V  [jvm.dll+0x7df2cc]
V  [jvm.dll+0x3eb59f]
V  [jvm.dll+0x3ed121]
C  [jli.dll+0x5277]
C  [ucrtbase.dll+0x26c0c]
C  [KERNEL32.DLL+0x155a0]
C  [ntdll.dll+0x485b]


---------------  P R O C E S S  ---------------

Threads class SMR info:
_java_thread_list=0x00007ffaeb6c4e58, length=0, elements={
}

Java Threads: ( => current thread )

Other Threads:
  0x000001f97243dec0 GCTaskThread "GC Thread#0" [stack: 0x000000cdc8d00000,0x000000cdc8e00000] [id=34192]
  0x000001f9724504d0 ConcurrentGCThread "G1 Main Marker" [stack: 0x000000cdc8e00000,0x000000cdc8f00000] [id=21196]
  0x000001f972450ee0 ConcurrentGCThread "G1 Conc#0" [stack: 0x000000cdc8f00000,0x000000cdc9000000] [id=27728]

[error occurred during error reporting (printing all threads), id 0xc0000005, EXCEPTION_ACCESS_VIOLATION (0xc0000005) at pc=0x00007ffaeae9b5f7]

VM state: not at safepoint (not fully initialized)

VM Mutex/Monitor currently owned by a thread:  ([mutex/lock_event])
[0x000001f9723fbbd0] Heap_lock - owner thread: 0x000001f9724008a0

Heap address: 0x0000000083200000, size: 1998 MB, Compressed Oops mode: 32-bit

CDS archive(s) mapped at: [0x0000000000000000-0x0000000000000000-0x0000000000000000), size 0, SharedBaseAddress: 0x0000000800000000, ArchiveRelocationMode: 0.
Narrow klass base: 0x0000000000000000, Narrow klass shift: 0, Narrow klass range: 0x0

GC Precious Log:
<Empty>

Heap:
 garbage-first heap   total 0K, used 0K [0x0000000083200000, 0x0000000100000000)
  region size 1024K, 0 young (0K), 0 survivors (0K)

[error occurred during error reporting (printing heap information), id 0xc0000005, EXCEPTION_ACCESS_VIOLATION (0xc0000005) at pc=0x00007ffaeb27d729]

GC Heap History (0 events):
No events

Deoptimization events (0 events):
No events

Classes unloaded (0 events):
No events

Classes redefined (0 events):
No events

Internal exceptions (0 events):
No events

VM Operations (0 events):
No events

Events (1 events):
Event: 0.006 Loaded shared library C:\Users\nurja\.p2\pool\plugins\org.eclipse.justj.openjdk.hotspot.jre.full.win32.x86_64_17.0.1.v20211116-1657\jre\bin\java.dll


Dynamic libraries:
0x00007ff724400000 - 0x00007ff72440e000 	C:\Users\nurja\.p2\pool\plugins\org.eclipse.justj.openjdk.hotspot.jre.full.win32.x86_64_17.0.1.v20211116-1657\jre\bin\javaw.exe
0x00007ffb7ace0000 - 0x00007ffb7aee9000 	C:\WINDOWS\SYSTEM32\ntdll.dll
0x00007ffb7a520000 - 0x00007ffb7a5de000 	C:\WINDOWS\System32\KERNEL32.DLL
0x00007ffb78570000 - 0x00007ffb788ec000 	C:\WINDOWS\System32\KERNELBASE.dll
0x00007ffb783e0000 - 0x00007ffb784f1000 	C:\WINDOWS\System32\ucrtbase.dll
0x00007ffb745e0000 - 0x00007ffb745f9000 	C:\Users\nurja\.p2\pool\plugins\org.eclipse.justj.openjdk.hotspot.jre.full.win32.x86_64_17.0.1.v20211116-1657\jre\bin\VCRUNTIME140.dll
0x00007ffb745c0000 - 0x00007ffb745d8000 	C:\Users\nurja\.p2\pool\plugins\org.eclipse.justj.openjdk.hotspot.jre.full.win32.x86_64_17.0.1.v20211116-1657\jre\bin\jli.dll
0x00007ffb7a100000 - 0x00007ffb7a2ad000 	C:\WINDOWS\System32\USER32.dll
0x00007ffb5b980000 - 0x00007ffb5bc25000 	C:\WINDOWS\WinSxS\amd64_microsoft.windows.common-controls_6595b64144ccf1df_6.0.22000.120_none_9d947278b86cc467\COMCTL32.dll
0x00007ffb788f0000 - 0x00007ffb78916000 	C:\WINDOWS\System32\win32u.dll
0x00007ffb7a340000 - 0x00007ffb7a3e3000 	C:\WINDOWS\System32\msvcrt.dll
0x00007ffb7ab90000 - 0x00007ffb7abb9000 	C:\WINDOWS\System32\GDI32.dll
0x00007ffb78200000 - 0x00007ffb78318000 	C:\WINDOWS\System32\gdi32full.dll
0x00007ffb78a90000 - 0x00007ffb78b2d000 	C:\WINDOWS\System32\msvcp_win.dll
0x00007ffb7ab50000 - 0x00007ffb7ab82000 	C:\WINDOWS\System32\IMM32.DLL
0x00007ffb745b0000 - 0x00007ffb745bc000 	C:\Users\nurja\.p2\pool\plugins\org.eclipse.justj.openjdk.hotspot.jre.full.win32.x86_64_17.0.1.v20211116-1657\jre\bin\vcruntime140_1.dll
0x00007ffb63300000 - 0x00007ffb63391000 	C:\Users\nurja\.p2\pool\plugins\org.eclipse.justj.openjdk.hotspot.jre.full.win32.x86_64_17.0.1.v20211116-1657\jre\bin\msvcp140.dll
0x00007ffaeabb0000 - 0x00007ffaeb7f6000 	C:\Users\nurja\.p2\pool\plugins\org.eclipse.justj.openjdk.hotspot.jre.full.win32.x86_64_17.0.1.v20211116-1657\jre\bin\server\jvm.dll
0x00007ffb78b30000 - 0x00007ffb78bde000 	C:\WINDOWS\System32\ADVAPI32.dll
0x00007ffb7a660000 - 0x00007ffb7a6fe000 	C:\WINDOWS\System32\sechost.dll
0x00007ffb79130000 - 0x00007ffb79250000 	C:\WINDOWS\System32\RPCRT4.dll
0x00007ffb7a510000 - 0x00007ffb7a518000 	C:\WINDOWS\System32\PSAPI.DLL
0x00007ffb722d0000 - 0x00007ffb72303000 	C:\WINDOWS\SYSTEM32\WINMM.dll
0x00007ffb595f0000 - 0x00007ffb595f9000 	C:\WINDOWS\SYSTEM32\WSOCK32.dll
0x00007ffb722a0000 - 0x00007ffb722aa000 	C:\WINDOWS\SYSTEM32\VERSION.dll
0x00007ffb7a5e0000 - 0x00007ffb7a64f000 	C:\WINDOWS\System32\WS2_32.dll
0x00007ffb772f0000 - 0x00007ffb77308000 	C:\WINDOWS\SYSTEM32\kernel.appcore.dll
0x00007ffb745a0000 - 0x00007ffb745aa000 	C:\Users\nurja\.p2\pool\plugins\org.eclipse.justj.openjdk.hotspot.jre.full.win32.x86_64_17.0.1.v20211116-1657\jre\bin\jimage.dll
0x00007ffb75c20000 - 0x00007ffb75e41000 	C:\WINDOWS\SYSTEM32\DBGHELP.DLL
0x00007ffb59940000 - 0x00007ffb59971000 	C:\WINDOWS\SYSTEM32\dbgcore.DLL
0x00007ffb78180000 - 0x00007ffb781ff000 	C:\WINDOWS\System32\bcryptPrimitives.dll
0x00007ffb632d0000 - 0x00007ffb632f5000 	C:\Users\nurja\.p2\pool\plugins\org.eclipse.justj.openjdk.hotspot.jre.full.win32.x86_64_17.0.1.v20211116-1657\jre\bin\java.dll

dbghelp: loaded successfully - version: 4.0.5 - missing functions: none
symbol engine: initialized successfully - sym options: 0x614 - pdb path: .;C:\Users\nurja\.p2\pool\plugins\org.eclipse.justj.openjdk.hotspot.jre.full.win32.x86_64_17.0.1.v20211116-1657\jre\bin;C:\WINDOWS\SYSTEM32;C:\WINDOWS\WinSxS\amd64_microsoft.windows.common-controls_6595b64144ccf1df_6.0.22000.120_none_9d947278b86cc467;C:\Users\nurja\.p2\pool\plugins\org.eclipse.justj.openjdk.hotspot.jre.full.win32.x86_64_17.0.1.v20211116-1657\jre\bin\server

VM Arguments:
jvm_args: -Dfile.encoding=windows-1252 -XX:+ShowCodeDetailsInExceptionMessages 
java_command: employeeManagementSystem.AddEmployee
java_class_path (initial): C:\Users\nurja\eclipse-workspace\employeeManagementSystem\bin;C:\Users\nurja\eclipse-workspace\employeeManagementSystem\lib\mysql-connector-java-8.0.28.jar
Launcher Type: SUN_STANDARD

[Global flags]
     intx CICompilerCount                          = 4                                         {product} {ergonomic}
     uint ConcGCThreads                            = 2                                         {product} {ergonomic}
     uint G1ConcRefinementThreads                  = 8                                         {product} {ergonomic}
   size_t G1HeapRegionSize                         = 1048576                                   {product} {ergonomic}
    uintx GCDrainStackTargetSize                   = 64                                        {product} {ergonomic}
   size_t InitialHeapSize                          = 132120576                                 {product} {ergonomic}
   size_t MarkStackSize                            = 4194304                                   {product} {ergonomic}
   size_t MaxHeapSize                              = 2095054848                                {product} {ergonomic}
   size_t MinHeapDeltaBytes                        = 1048576                                   {product} {ergonomic}
   size_t MinHeapSize                              = 8388608                                   {product} {ergonomic}
    uintx NonNMethodCodeHeapSize                   = 5839372                                {pd product} {ergonomic}
    uintx NonProfiledCodeHeapSize                  = 122909434                              {pd product} {ergonomic}
    uintx ProfiledCodeHeapSize                     = 122909434                              {pd product} {ergonomic}
    uintx ReservedCodeCacheSize                    = 251658240                              {pd product} {ergonomic}
     bool SegmentedCodeCache                       = true                                      {product} {ergonomic}
     bool ShowCodeDetailsInExceptionMessages       = true                                   {manageable} {command line}
   size_t SoftMaxHeapSize                          = 2095054848                             {manageable} {ergonomic}
     bool UseCompressedClassPointers               = true                           {product lp64_product} {ergonomic}
     bool UseCompressedOops                        = true                           {product lp64_product} {ergonomic}
     bool UseG1GC                                  = true                                      {product} {ergonomic}
     bool UseLargePagesIndividualAllocation        = false                                  {pd product} {ergonomic}

Logging:
Log output configuration:
 #0: stdout all=warning uptime,level,tags
 #1: stderr all=off uptime,level,tags

Environment Variables:
PATH=C:/Program Files/Java/jdk-17.0.1/bin/server;C:/Program Files/Java/jdk-17.0.1/bin;C:/Users/nurja/AppData/Local/Temp/eoiA33A.tmp//plugins/org.eclipse.justj.openjdk.hotspot.jre.minimal.stripped.win32.x86_64_17.0.4.v20221004-1257/jre/bin/server;C:/Users/nurja/AppData/Local/Temp/eoiA33A.tmp//plugins/org.eclipse.justj.openjdk.hotspot.jre.minimal.stripped.win32.x86_64_17.0.4.v20221004-1257/jre/bin;C:\Program Files\Common Files\Oracle\Java\javapath;C:\Windows\system32;C:\Windows;C:\Windows\System32\Wbem;C:\Windows\System32\WindowsPowerShell\v1.0\;C:\Windows\System32\OpenSSH\;C:\Program Files (x86)\NVIDIA Corporation\PhysX\Common;C:\Program Files\NVIDIA Corporation\NVIDIA NvDLISR;C:\Program Files\MATLAB\R2021a\bin;C:\WINDOWS\system32;C:\WINDOWS;C:\WINDOWS\System32\Wbem;C:\WINDOWS\System32\WindowsPowerShell\v1.0\;C:\WINDOWS\System32\OpenSSH\;C:\Program Files\dotnet\;C:\Users\nurja\AppData\Local\Microsoft\WindowsApps;;C:\Users\nurja\AppData\Local\JetBrains\Toolbox\scripts;C:\Users\nurja\OneDrive\Desktop;;C:\Users\nurja\OneDrive\Desktop;
USERNAME=nurja
OS=Windows_NT
PROCESSOR_IDENTIFIER=Intel64 Family 6 Model 165 Stepping 2, GenuineIntel



---------------  S Y S T E M  ---------------

OS:
 Windows 10 , 64 bit Build 22000 (10.0.22000.1516)
OS uptime: 0 days 5:29 hours

CPU: total 8 (initial active 8) (4 cores per cpu, 2 threads per core) family 6 model 165 stepping 2 microcode 0xf4, cx8, cmov, fxsr, ht, mmx, 3dnowpref, sse, sse2, sse3, ssse3, sse4.1, sse4.2, popcnt, lzcnt, tsc, tscinvbit, avx, avx2, aes, erms, clmul, bmi1, bmi2, adx, fma, vzeroupper, clflush, clflushopt

Memory: 4k page, system-wide physical 7985M (770M free)
TotalPageFile size 32561M (AvailPageFile size 16M)
current process WorkingSet (physical memory assigned to process): 10M, peak: 10M
current process commit charge ("private bytes"): 60M, peak: 185M

vm_info: OpenJDK 64-Bit Server VM (17.0.1+12) for windows-amd64 JRE (17.0.1+12), built on Oct 20 2021 07:42:55 by "" with MS VC++ 16.7 (VS2019)

END.
